[Tue Aug  3 18:21:11.349 2010] 0.377 sec [all/2/rel 1 (0,20)] [musician_core] matthew
[Tue Aug  3 18:23:47.144 2010] 0.000 sec [scan/2/rel 1 (0,20)] [musician_core] 
[Tue Aug  3 18:31:03.744 2010] 0.000 sec [scan/2/rel 1 (0,20)] [musician_core] 
[Tue Aug  3 18:31:07.913 2010] 0.000 sec [all/2/rel 0 (0,20)] [musician_core] teste
[Tue Aug  3 18:31:10.908 2010] 0.058 sec [all/2/rel 1 (0,20)] [musician_core] plummer
[Tue Aug  3 18:31:24.288 2010] 0.000 sec [all/2/rel 0 (0,20)] [musician_core] 1979
[Tue Aug  3 18:31:54.792 2010] 0.000 sec [all/2/rel 0 (0,20)] [musician_core] 1979
[Tue Aug  3 18:32:11.652 2010] 0.000 sec [all/2/rel 0 (0,20)] [musician_core] 1979
[Tue Aug  3 18:32:23.176 2010] 0.000 sec [all/2/rel 0 (0,20)] [musician_core] 1979
[Tue Aug  3 18:33:25.114 2010] 0.000 sec [all/2/rel 0 (0,20)] [musician_core] 1979
[Tue Aug  3 18:34:22.653 2010] 0.000 sec [all/2/rel 0 (0,20)] [musician_core] 1979
[Tue Aug  3 18:34:25.023 2010] 0.000 sec [all/2/rel 0 (0,20)] [musician_core] 1979
[Tue Aug  3 18:34:36.644 2010] 0.000 sec [all/2/rel 0 (0,20)] [musician_core] 1979
[Tue Aug  3 18:34:39.168 2010] 0.000 sec [all/2/rel 0 (0,20)] [musician_core] 1979
[Tue Aug  3 18:34:54.303 2010] 0.000 sec [all/2/rel 0 (0,20)] [musician_core] 1979
[Tue Aug  3 18:35:01.756 2010] 0.000 sec [all/2/rel 0 (0,20)] [musician_core] matt
[Tue Aug  3 18:35:04.978 2010] 0.000 sec [all/2/rel 1 (0,20)] [musician_core] matthew
[Tue Aug  3 18:35:09.362 2010] 0.000 sec [all/2/rel 0 (0,20)] [musician_core] plummer 917
[Tue Aug  3 18:35:37.490 2010] 0.000 sec [all/2/rel 0 (0,20)] [musician_core] f
[Tue Aug  3 18:35:40.750 2010] 0.000 sec [all/2/rel 0 (0,20)] [musician_core] asdf
[Tue Aug  3 18:36:03.140 2010] 0.000 sec [all/2/rel 0 (0,20)] [musician_core] t
[Tue Aug  3 18:36:06.702 2010] 0.000 sec [all/2/rel 1 (0,20)] [musician_core] plummer
[Tue Aug  3 18:36:56.330 2010] 0.000 sec [all/2/rel 1 (0,20)] [musician_core] plummer
[Tue Aug  3 18:36:59.912 2010] 0.000 sec [all/2/rel 1 (0,20)] [musician_core] plummer
[Tue Aug  3 18:37:20.410 2010] 0.000 sec [scan/2/rel 1 (0,20)] [musician_core] 
[Tue Aug  3 18:37:25.117 2010] 0.030 sec [all/2/rel 1 (0,20)] [musician_core] 2-197
[Tue Aug  3 18:37:26.759 2010] 0.000 sec [all/2/rel 1 (0,20)] [musician_core] 2-197
[Tue Aug  3 18:37:32.196 2010] 0.000 sec [all/2/rel 0 (0,20)] [musician_core] 2-197 t
[Tue Aug  3 18:37:54.646 2010] 0.000 sec [all/2/rel 1 (0,20)] [musician_core] 2-197
[Tue Aug  3 18:43:23.703 2010] 0.000 sec [scan/2/rel 1 (0,20)] [musician_core] 
[Tue Aug  3 18:43:27.233 2010] 0.000 sec [all/2/rel 0 (0,20)] [musician_core] ny
[Tue Aug  3 18:43:29.469 2010] 0.000 sec [all/2/rel 0 (0,20)] [musician_core] ny
[Tue Aug  3 18:43:42.958 2010] 0.000 sec [all/2/rel 0 (0,20)] [musician_core] ny
[Tue Aug  3 18:43:47.051 2010] 0.000 sec [all/2/rel 0 (0,20)] [musician_core] new york
[Tue Aug  3 18:43:51.411 2010] 0.000 sec [all/2/rel 0 (0,20)] [musician_core] New York
[Tue Aug  3 18:43:55.017 2010] 0.000 sec [all/2/rel 1 (0,20)] [musician_core] plummer
[Tue Aug  3 18:43:59.749 2010] 0.000 sec [all/2/rel 0 (0,20)] [musician_core] NY
[Tue Aug  3 18:44:25.314 2010] 0.000 sec [all/2/rel 1 (0,20)] [musician_core] plummer
[Tue Aug  3 18:44:53.489 2010] 0.000 sec [all/2/rel 0 (0,20)] [musician_core] plummerspace
[Tue Aug  3 18:44:59.300 2010] 0.000 sec [all/2/rel 0 (0,20)] [musician_core] plummerspace@gmail.com
[Tue Aug  3 18:45:01.536 2010] 0.000 sec [all/2/rel 0 (0,20)] [musician_core] plummerspace@gmail.com
[Tue Aug  3 18:45:07.253 2010] 0.000 sec [all/2/rel 0 (0,20)] [musician_core] plummerspace@gmail.com
[Tue Aug  3 18:45:28.273 2010] 0.000 sec [all/2/rel 0 (0,20)] [musician_core] plummerspace@gmail.com
[Tue Aug  3 18:45:32.264 2010] 0.000 sec [all/2/rel 0 (0,20)] [musician_core] plummerspace
[Tue Aug  3 18:45:35.094 2010] 0.000 sec [all/2/rel 0 (0,20)] [musician_core] Matt
[Tue Aug  3 18:45:37.525 2010] 0.000 sec [all/2/rel 1 (0,20)] [musician_core] Matthew
[Tue Aug  3 18:46:00.920 2010] 0.000 sec [scan/2/rel 1 (0,20)] [musician_core] 
[Tue Aug  3 18:53:49.543 2010] 0.000 sec [all/2/rel 1 (0,20)] [musician_core] ny
[Tue Aug  3 18:54:23.015 2010] 0.000 sec [all/2/rel 1 (0,20)] [musician_core] ny
[Tue Aug  3 18:55:01.221 2010] 0.000 sec [all/2/rel 0 (0,20)] [musician_core] usa
[Tue Aug  3 18:55:03.899 2010] 0.000 sec [all/2/rel 1 (0,20)] [musician_core] us
[Tue Aug  3 18:55:41.851 2010] 0.002 sec [all/2/rel 1 (0,20)] [musician_core] plummerspace@gmail.com
[Tue Aug  3 18:56:32.347 2010] 0.001 sec [all/2/rel 1 (0,20)] [musician_core] plummer new york
[Tue Aug  3 18:58:22.642 2010] 0.000 sec [all/2/rel 1 (0,20)] [musician_core] plummer ny
[Tue Aug  3 18:59:31.116 2010] 0.000 sec [scan/2/rel 1 (0,20)] [musician_core] 
[Tue Aug  3 18:59:33.714 2010] 0.000 sec [all/2/rel 1 (0,20)] [musician_core] fiddle
[Tue Aug  3 18:59:39.434 2010] 0.000 sec [all/2/rel 1 (0,20)] [musician_core] matthew fiddle
[Tue Aug  3 19:01:05.698 2010] 0.000 sec [all/2/rel 0 (0,20)] [musician_core] 70
[Tue Aug  3 19:01:17.946 2010] 0.000 sec [scan/2/rel 1 (0,20)] [musician_core] 
[Tue Aug  3 19:01:47.317 2010] 0.000 sec [scan/2/rel 1 (0,20)] [musician_core] 
[Wed Aug  4 10:25:15.295 2010] 0.019 sec [scan/2/rel 1 (0,20)] [musician_core] 
[Wed Aug  4 10:53:15.647 2010] 0.006 sec [scan/2/rel 1 (0,20)] [musician_core] 
[Wed Aug  4 10:53:21.310 2010] 0.027 sec [all/2/rel 1 (0,20)] [musician_core] plummerspace
[Wed Aug  4 10:53:23.115 2010] 0.000 sec [all/2/rel 1 (0,20)] [musician_core] plummerspace
[Wed Aug  4 13:06:38.567 2010] 0.028 sec [all/2/rel 0 (0,20)] [musician_core] 23
[Wed Aug  4 13:09:17.607 2010] 0.041 sec [scan/2/rel 1 (0,20)] [musician_core] 
[Wed Aug  4 13:16:48.486 2010] 0.000 sec [scan/2/rel 244 (0,20)] [local_core] 
[Wed Aug  4 13:17:14.067 2010] 0.000 sec [all/2/rel 1 (0,20)] [local_core] cincinnati
[Wed Aug  4 13:17:20.297 2010] 0.000 sec [all/2/rel 1 (0,20)] [local_core] cincinnati
[Wed Aug  4 13:17:29.034 2010] 0.000 sec [all/2/rel 1 (0,20)] [local_core] cincinnati
[Wed Aug  4 13:17:36.559 2010] 0.000 sec [scan/2/rel 244 (0,20)] [local_core] 
[Wed Aug  4 13:17:44.737 2010] 0.000 sec [all/2/rel 1 (0,20)] [local_core] 2
[Wed Aug  4 13:17:52.603 2010] 0.000 sec [all/2/rel 1 (0,20)] [local_core] 2
[Wed Aug  4 13:18:01.643 2010] 0.000 sec [all/2/rel 1 (0,20)] [local_core] 2
[Wed Aug  4 13:18:05.395 2010] 0.000 sec [all/2/rel 1 (0,20)] [local_core] st. louis
[Wed Aug  4 13:18:07.160 2010] 0.000 sec [all/2/rel 1 (0,20)] [local_core] st. louis
[Wed Aug  4 13:18:09.081 2010] 0.000 sec [all/2/rel 0 (0,20)] [local_core] co
[Wed Aug  4 13:18:12.178 2010] 0.000 sec [all/2/rel 0 (0,20)] [local_core] colorado
[Wed Aug  4 13:18:13.290 2010] 0.000 sec [all/2/rel 0 (0,20)] [local_core] colorado
[Wed Aug  4 13:18:13.752 2010] 0.000 sec [all/2/rel 0 (0,20)] [local_core] colorado
[Wed Aug  4 13:18:19.328 2010] 0.000 sec [all/2/rel 1 (0,20)] [local_core] denver
[Wed Aug  4 13:18:30.781 2010] 0.000 sec [scan/2/rel 1 (0,20)] [musician_core] 
[Wed Aug  4 13:18:35.947 2010] 0.000 sec [scan/2/rel 1 (0,20)] [musician_core] 
[Wed Aug  4 13:18:38.033 2010] 0.000 sec [scan/2/rel 244 (0,20)] [local_core] 
[Wed Aug  4 13:18:41.326 2010] 0.000 sec [all/2/rel 2 (0,20)] [local_core] oh
[Wed Aug  4 13:18:49.563 2010] 0.000 sec [all/2/rel 4 (0,20)] [local_core] ohio
[Wed Aug  4 13:18:58.990 2010] 0.000 sec [scan/2/rel 244 (0,20)] [local_core] 
[Wed Aug  4 13:19:15.539 2010] 0.000 sec [all/2/rel 0 (0,20)] [local_core] minnesota
[Wed Aug  4 13:19:18.022 2010] 0.000 sec [scan/2/rel 244 (0,20)] [local_core] 
[Wed Aug  4 13:19:28.252 2010] 0.000 sec [all/2/rel 4 (0,20)] [local_core] ohio
[Wed Aug  4 13:30:52.797 2010] 0.000 sec [all/2/rel 4 (0,20)] [local_core] ohio
[Wed Aug  4 13:30:55.200 2010] 0.000 sec [all/2/rel 4 (0,20)] [local_core] ohio
[Wed Aug  4 13:30:58.755 2010] 0.000 sec [scan/2/rel 244 (0,20)] [local_core] 
[Wed Aug  4 13:38:17.292 2010] 0.000 sec [scan/2/rel 244 (0,20)] [local_core] 
[Wed Aug  4 13:41:22.266 2010] 0.000 sec [scan/2/rel 244 (0,20)] [local_core] 
[Wed Aug  4 13:41:26.376 2010] 0.000 sec [all/2/rel 1 (0,20)] [local_core] 10
[Wed Aug  4 13:41:30.480 2010] 0.000 sec [scan/2/rel 244 (0,20)] [local_core] 
[Wed Aug  4 13:41:34.171 2010] 0.000 sec [all/2/rel 1 (0,20)] [local_core] #10
[Wed Aug  4 13:41:39.978 2010] 0.000 sec [all/2/rel 1 (0,20)] [local_core] 208
[Wed Aug  4 13:41:44.452 2010] 0.000 sec [all/2/rel 1 (0,20)] [local_core] 208
[Wed Aug  4 13:41:50.296 2010] 0.000 sec [all/2/rel 1 (0,20)] [local_core] 10
[Wed Aug  4 13:41:55.111 2010] 0.000 sec [scan/2/rel 244 (0,20)] [local_core] 
[Wed Aug  4 13:44:24.970 2010] 0.015 sec [all/2/ext 4 (0,20)] [local_core] ohio
[Wed Aug  4 13:44:35.664 2010] 0.000 sec [all/2/ext 4 (0,20)] [local_core] ohio
[Wed Aug  4 13:44:53.330 2010] 0.000 sec [all/2/ext 4 (0,20)] [local_core] ohio
[Wed Aug  4 13:44:53.444 2010] 0.000 sec [all/2/ext 4 (0,20)] [local_core] ohio
[Wed Aug  4 13:45:12.103 2010] 0.000 sec [all/2/ext 4 (0,20)] [local_core] ohio
[Wed Aug  4 13:45:12.554 2010] 0.000 sec [all/2/ext 4 (0,20)] [local_core] ohio
[Wed Aug  4 13:45:24.431 2010] 0.000 sec [all/2/ext 4 (0,20)] [local_core] ohio
[Wed Aug  4 13:45:29.163 2010] 0.000 sec [scan/2/ext 244 (0,20)] [local_core] 
[Wed Aug  4 13:45:35.068 2010] 0.000 sec [scan/2/ext 244 (0,20)] [local_core] 
[Wed Aug  4 13:50:48.426 2010] 0.000 sec [scan/2/ext 244 (0,20)] [local_core] 
[Wed Aug  4 13:50:50.556 2010] 0.000 sec [scan/2/ext 244 (0,20)] [local_core] 
[Wed Aug  4 13:52:25.394 2010] 0.000 sec [scan/2/ext 244 (0,20)] [local_core] 
[Wed Aug  4 13:52:25.604 2010] 0.000 sec [scan/2/ext 244 (0,20)] [local_core] 
[Wed Aug  4 13:52:42.895 2010] 0.000 sec [scan/2/ext 244 (0,20)] [local_core] 
[Wed Aug  4 13:52:43.114 2010] 0.000 sec [scan/2/ext 244 (0,20)] [local_core] 
[Wed Aug  4 13:58:14.496 2010] 0.000 sec [scan/2/ext 244 (0,20)] [local_core] 
[Wed Aug  4 13:58:28.185 2010] 0.000 sec [scan/2/rel 244 (0,20)] [local_core] 
[Wed Aug  4 13:58:28.426 2010] 0.000 sec [scan/2/rel 244 (0,20)] [local_core] 
[Wed Aug  4 14:01:02.420 2010] 0.000 sec [scan/2/rel 244 (0,20)] [local_core] 
[Wed Aug  4 14:01:04.386 2010] 0.000 sec [scan/2/rel 244 (0,20)] [local_core] 
[Wed Aug  4 14:01:12.603 2010] 0.000 sec [scan/2/ext 244 (0,20)] [local_core] 
[Wed Aug  4 14:01:12.819 2010] 0.000 sec [scan/2/ext 244 (0,20)] [local_core] 
[Wed Aug  4 14:01:25.856 2010] 0.000 sec [scan/2/ext 244 (0,20)] [local_core] 
[Wed Aug  4 14:01:26.072 2010] 0.001 sec [scan/2/ext 244 (0,20)] [local_core] 
[Wed Aug  4 14:01:33.634 2010] 0.000 sec [all/2/ext 1 (0,20)] [local_core] 2
[Wed Aug  4 14:01:37.830 2010] 0.000 sec [all/2/ext 1 (0,20)] [local_core] 197
[Wed Aug  4 14:02:04.965 2010] 0.000 sec [scan/2/ext 244 (0,20)] [local_core] 
[Wed Aug  4 14:02:10.975 2010] 0.000 sec [all/2/ext 1 (0,20)] [local_core] 2
[Wed Aug  4 14:02:13.615 2010] 0.000 sec [all/2/ext 1 (0,20)] [local_core] 20
[Wed Aug  4 14:02:16.905 2010] 0.000 sec [all/2/ext 1 (0,20)] [local_core] denver
[Wed Aug  4 14:02:20.529 2010] 0.000 sec [all/2/ext 0 (0,20)] [local_core] minnesota
[Wed Aug  4 14:02:23.753 2010] 0.000 sec [all/2/ext 0 (0,20)] [local_core] minneapolis
[Wed Aug  4 14:02:25.281 2010] 0.000 sec [all/2/ext 0 (0,20)] [local_core] minneapolis
[Wed Aug  4 14:02:29.086 2010] 0.000 sec [all/2/ext 1 (0,20)] [local_core] 20
[Wed Aug  4 14:02:35.561 2010] 0.000 sec [all/2/ext 0 (0,20)] [local_core] 273
[Wed Aug  4 14:02:39.285 2010] 0.000 sec [scan/2/rel 1 (0,20)] [musician_core] 
[Wed Aug  4 14:03:47.989 2010] 0.000 sec [scan/2/rel 1 (0,20)] [musician_core] 
[Wed Aug  4 14:03:56.261 2010] 0.000 sec [all/2/rel 0 (0,20)] [musician_core] 20-
[Wed Aug  4 14:03:59.632 2010] 0.000 sec [all/2/rel 0 (0,20)] [musician_core] 20
[Wed Aug  4 14:04:00.924 2010] 0.000 sec [all/2/rel 0 (0,20)] [musician_core] 20
[Wed Aug  4 14:04:04.425 2010] 0.000 sec [scan/2/rel 1 (0,20)] [musician_core] 
[Wed Aug  4 14:04:15.604 2010] 0.000 sec [scan/2/rel 1 (0,20)] [musician_core] 
[Wed Aug  4 14:04:17.629 2010] 0.000 sec [all/2/rel 1 (0,20)] [musician_core] 2
[Wed Aug  4 14:04:19.238 2010] 0.000 sec [all/2/rel 1 (0,20)] [musician_core] 2
[Wed Aug  4 14:04:20.989 2010] 0.000 sec [all/2/rel 1 (0,20)] [musician_core] 2
[Wed Aug  4 14:04:23.585 2010] 0.000 sec [all/2/rel 0 (0,20)] [musician_core] local 2
[Wed Aug  4 14:04:38.938 2010] 0.000 sec [scan/2/rel 1 (0,20)] [musician_core] 
[Wed Aug  4 14:04:56.363 2010] 0.000 sec [scan/2/rel 1 (0,20)] [musician_core] 
[Wed Aug  4 14:04:59.069 2010] 0.000 sec [scan/2/ext 244 (0,20)] [local_core] 
[Wed Aug  4 14:05:04.945 2010] 0.000 sec [scan/2/rel 1 (0,20)] [musician_core] 
